c:\users\user\source\repos\system_programming\project_final\restaurant_manager\x64\debug\vc143.pdb
c:\users\user\source\repos\system_programming\project_final\restaurant_manager\x64\debug\vc143.idb
c:\users\user\source\repos\system_programming\project_final\restaurant_manager\x64\debug\restaurant.obj
c:\users\user\source\repos\system_programming\project_final\restaurant_manager\x64\debug\orderlist.obj
c:\users\user\source\repos\system_programming\project_final\restaurant_manager\x64\debug\order.obj
c:\users\user\source\repos\system_programming\project_final\restaurant_manager\x64\debug\menu.obj
c:\users\user\source\repos\system_programming\project_final\restaurant_manager\x64\debug\main.obj
c:\users\user\source\repos\system_programming\project_final\restaurant_manager\x64\debug\list.obj
c:\users\user\source\repos\system_programming\project_final\restaurant_manager\x64\debug\generalfiles.obj
c:\users\user\source\repos\system_programming\project_final\restaurant_manager\x64\debug\general.obj
c:\users\user\source\repos\system_programming\project_final\restaurant_manager\x64\debug\fooditem.obj
c:\users\user\source\repos\system_programming\project_final\restaurant_manager\x64\debug\date.obj
c:\users\user\source\repos\system_programming\project_final\restaurant_manager\x64\debug\customer.obj
c:\users\user\source\repos\system_programming\project_final\restaurant_manager\x64\debug\admin.obj
c:\users\user\source\repos\system_programming\project_final\restaurant_manager\x64\debug\restaurant_manager.exe
c:\users\user\source\repos\system_programming\project_final\restaurant_manager\x64\debug\restaurant_manager.ilk
c:\users\user\source\repos\system_programming\project_final\restaurant_manager\x64\debug\restaurant_manager.pdb
c:\users\user\source\repos\system_programming\project_final\restaurant_manager\x64\debug\restaura.c2f60c83.tlog\cl.command.1.tlog
c:\users\user\source\repos\system_programming\project_final\restaurant_manager\x64\debug\restaura.c2f60c83.tlog\cl.items.tlog
c:\users\user\source\repos\system_programming\project_final\restaurant_manager\x64\debug\restaura.c2f60c83.tlog\cl.read.1.tlog
c:\users\user\source\repos\system_programming\project_final\restaurant_manager\x64\debug\restaura.c2f60c83.tlog\cl.write.1.tlog
c:\users\user\source\repos\system_programming\project_final\restaurant_manager\x64\debug\restaura.c2f60c83.tlog\link.command.1.tlog
c:\users\user\source\repos\system_programming\project_final\restaurant_manager\x64\debug\restaura.c2f60c83.tlog\link.read.1.tlog
c:\users\user\source\repos\system_programming\project_final\restaurant_manager\x64\debug\restaura.c2f60c83.tlog\link.write.1.tlog
